2018-02-03 20:46:36,169 INFO o.a.j.u.JMeterUtils: Setting Locale to en_IN
2018-02-03 20:46:36,190 INFO o.a.j.JMeter: Loading user properties from: user.properties
2018-02-03 20:46:36,190 INFO o.a.j.JMeter: Loading system properties from: system.properties
2018-02-03 20:46:36,436 INFO o.a.j.JMeter: Copyright (c) 1998-2017 The Apache Software Foundation
2018-02-03 20:46:36,436 INFO o.a.j.JMeter: Version 3.3 r1808647
2018-02-03 20:46:36,436 INFO o.a.j.JMeter: java.version=1.8.0_151
2018-02-03 20:46:36,436 INFO o.a.j.JMeter: java.vm.name=Java HotSpot(TM) 64-Bit Server VM
2018-02-03 20:46:36,436 INFO o.a.j.JMeter: os.name=Linux
2018-02-03 20:46:36,437 INFO o.a.j.JMeter: os.arch=amd64
2018-02-03 20:46:36,437 INFO o.a.j.JMeter: os.version=4.10.0-38-generic
2018-02-03 20:46:36,437 INFO o.a.j.JMeter: file.encoding=UTF-8
2018-02-03 20:46:36,437 INFO o.a.j.JMeter: Max memory     =1849688064
2018-02-03 20:46:36,437 INFO o.a.j.JMeter: Available Processors =4
2018-02-03 20:46:36,669 INFO o.a.j.JMeter: Default Locale=English (India)
2018-02-03 20:46:36,670 INFO o.a.j.JMeter: JMeter  Locale=English (India)
2018-02-03 20:46:36,670 INFO o.a.j.JMeter: JMeterHome=/home/sathya/Downloads/jmeter/apache-jmeter-3.3
2018-02-03 20:46:36,670 INFO o.a.j.JMeter: user.dir  =/home/sathya/Downloads/jmeter/apache-jmeter-3.3/bin
2018-02-03 20:46:36,670 INFO o.a.j.JMeter: PWD       =/home/sathya/Downloads/jmeter/apache-jmeter-3.3/bin
2018-02-03 20:46:36,671 INFO o.a.j.JMeter: IP: 127.0.1.1 Name: sathya-HP-Pavilion-dv6-NoteBook-PC FullName: sathya-HP-Pavilion-dv6-NoteBook-PC
2018-02-03 20:46:36,687 INFO o.a.j.s.FileServer: Default base='/home/sathya/Downloads/jmeter/apache-jmeter-3.3/bin'
2018-02-03 20:46:36,687 INFO o.a.j.s.FileServer: Set new base='/home/sathya/Downloads/jmeter/apache-jmeter-3.3/bin'
2018-02-03 20:46:37,300 INFO o.a.j.s.SaveService: Testplan (JMX) version: 2.2. Testlog (JTL) version: 2.2
2018-02-03 20:46:37,437 INFO o.a.j.s.SaveService: Using SaveService properties file encoding UTF-8
2018-02-03 20:46:37,464 INFO o.a.j.s.SaveService: Using SaveService properties version 3.2
2018-02-03 20:46:37,478 INFO o.a.j.s.SaveService: Loading file: ForEachTest2.jmx
2018-02-03 20:46:37,702 INFO o.a.j.JMeter: Creating summariser <summary>
2018-02-03 20:46:37,715 INFO o.a.j.e.StandardJMeterEngine: Running the test!
2018-02-03 20:46:37,731 INFO o.a.j.s.SampleEvent: List of sample_variables: []
2018-02-03 20:46:37,732 INFO o.a.j.s.SampleEvent: List of sample_variables: []
2018-02-03 20:46:37,743 INFO o.a.j.e.u.CompoundVariable: Note: Function class names must contain the string: '.functions.'
2018-02-03 20:46:37,743 INFO o.a.j.e.u.CompoundVariable: Note: Function class names must not contain the string: '.gui.'
2018-02-03 20:46:38,894 INFO o.a.j.p.j.t.JavaTest: Created class: org.apache.jmeter.protocol.java.test.JavaTest. Uses tearDownTest: false
2018-02-03 20:46:38,894 INFO o.a.j.p.j.t.JavaTest: Created class: org.apache.jmeter.protocol.java.test.JavaTest. Uses tearDownTest: false
2018-02-03 20:46:38,894 INFO o.a.j.p.j.t.JavaTest: Created class: org.apache.jmeter.protocol.java.test.JavaTest. Uses tearDownTest: false
2018-02-03 20:46:38,894 INFO o.a.j.p.j.t.JavaTest: Created class: org.apache.jmeter.protocol.java.test.JavaTest. Uses tearDownTest: false
2018-02-03 20:46:38,934 INFO o.a.j.JMeter: Running test (1517670998934)
2018-02-03 20:46:38,992 INFO o.a.j.e.StandardJMeterEngine: Starting ThreadGroup: 1 : ForEach Controller
2018-02-03 20:46:38,992 INFO o.a.j.e.StandardJMeterEngine: Starting 1 threads for group ForEach Controller.
2018-02-03 20:46:38,992 INFO o.a.j.e.StandardJMeterEngine: Thread will continue on error
2018-02-03 20:46:38,992 INFO o.a.j.t.ThreadGroup: Starting thread group... number=1 threads=1 ramp-up=1 perThread=1000.0 delayedStart=false
2018-02-03 20:46:39,000 INFO o.a.j.t.ThreadGroup: Started thread group number 1
2018-02-03 20:46:39,000 INFO o.a.j.e.StandardJMeterEngine: All thread groups have been started
2018-02-03 20:46:39,004 INFO o.a.j.t.JMeterThread: Thread started: ForEach Controller 1-1
2018-02-03 20:46:39,014 INFO o.a.j.s.SampleResult: Note: Sample TimeStamps are START times
2018-02-03 20:46:39,014 INFO o.a.j.s.SampleResult: sampleresult.default.encoding is set to ISO-8859-1
2018-02-03 20:46:39,014 INFO o.a.j.s.SampleResult: sampleresult.useNanoTime=true
2018-02-03 20:46:39,014 INFO o.a.j.s.SampleResult: sampleresult.nanoThreadSleep=5000
2018-02-03 20:46:41,204 INFO o.a.j.t.JMeterThread: Thread is done: ForEach Controller 1-1
2018-02-03 20:46:41,205 INFO o.a.j.t.JMeterThread: Thread finished: ForEach Controller 1-1
2018-02-03 20:46:41,205 INFO o.a.j.e.StandardJMeterEngine: Notifying test listeners of end of test
2018-02-03 20:46:41,208 INFO o.a.j.r.Summariser: summary =     10 in 00:00:02 =    4.4/s Avg:   216 Min:   114 Max:   319 Err:     0 (0.00%)
